<?xml version="1.0" encoding="UTF-8"?>
<testsuite xmlns:xsi="http://www.w3.org/2001/XMLSchema-instance" xsi:noNamespaceSchemaLocation="https://maven.apache.org/surefire/maven-surefire-plugin/xsd/surefire-test-report.xsd" version="3.0.2" name="com.rainer.veebipood.VeebipoodApplicationTests" time="6.112" tests="1" errors="0" skipped="0" failures="0">
  <properties>
[...]
</properties>
  <testcase name="contextLoads" classname="com.rainer.veebipood.VeebipoodApplicationTests" time="0.484">
    <system-out><![CDATA[14:27:44.122 [main] INFO org.springframework.test.context.support.AnnotationConfigContextLoaderUtils -- Could not detect default configuration classes for test class [com.rainer.veebipood.VeebipoodApplicationTests]: VeebipoodApplicationTests does not declare any static, non-private, non-final, nested classes annotated with @Configuration.
14:27:44.232 [main] INFO org.springframework.boot.test.context.SpringBootTestContextBootstrapper -- Found @SpringBootConfiguration com.rainer.veebipood.VeebipoodApplication for test class com.rainer.veebipood.VeebipoodApplicationTests
 (                                             
 )\ )                                       )  
(()/((             )  (     )      ) (   ( /(  
 /(_))(   (    (  /(( )\   /((  ( /( )(  )\()) 
(_))(()\  )\   )\(_))((_) (_))\ )(_)|()\((_)\  
| _ \((_)((_) ((_))((_|_) _)((_|(_)_ ((_) |(_) 
|  _/ '_/ _ \/ _ \ V /| | \ V // _` | '_| / /  
|_| |_| \___/\___/\_/ |_|  \_/ \__,_|_| |_\_\  



Spring: 3.4.0 - Java: 17.0.13
2025-01-22T14:27:44.744+02:00  INFO 5676 --- [veebipood] [           main] c.r.veebipood.VeebipoodApplicationTests  : Starting VeebipoodApplicationTests using Java 17.0.13 with PID 5676 (started by raine in D:\Programming\Java\veebipood)
2025-01-22T14:27:44.747+02:00  INFO 5676 --- [veebipood] [           main] c.r.veebipood.VeebipoodApplicationTests  : No active profile set, falling back to 1 default profile: "default"
2025-01-22T14:27:45.628+02:00  INFO 5676 --- [veebipood] [           main] .s.d.r.c.RepositoryConfigurationDelegate : Bootstrapping Spring Data JPA repositories in DEFAULT mode.
2025-01-22T14:27:45.697+02:00  INFO 5676 --- [veebipood] [           main] .s.d.r.c.RepositoryConfigurationDelegate : Finished Spring Data repository scanning in 58 ms. Found 4 JPA repository interfaces.
2025-01-22T14:27:46.200+02:00  INFO 5676 --- [veebipood] [           main] o.hibernate.jpa.internal.util.LogHelper  : HHH000204: Processing PersistenceUnitInfo [name: default]
2025-01-22T14:27:46.285+02:00  INFO 5676 --- [veebipood] [           main] org.hibernate.Version                    : HHH000412: Hibernate ORM core version 6.6.2.Final
2025-01-22T14:27:46.330+02:00  INFO 5676 --- [veebipood] [           main] o.h.c.internal.RegionFactoryInitiator    : HHH000026: Second-level cache disabled
2025-01-22T14:27:46.736+02:00  INFO 5676 --- [veebipood] [           main] o.s.o.j.p.SpringPersistenceUnitInfo      : No LoadTimeWeaver setup: ignoring JPA class transformer
2025-01-22T14:27:46.774+02:00  INFO 5676 --- [veebipood] [           main] com.zaxxer.hikari.HikariDataSource       : HikariPool-1 - Starting...
2025-01-22T14:27:46.984+02:00  INFO 5676 --- [veebipood] [           main] com.zaxxer.hikari.pool.HikariPool        : HikariPool-1 - Added connection org.postgresql.jdbc.PgConnection@2da5fdc
2025-01-22T14:27:46.986+02:00  INFO 5676 --- [veebipood] [           main] com.zaxxer.hikari.HikariDataSource       : HikariPool-1 - Start completed.
2025-01-22T14:27:47.084+02:00  INFO 5676 --- [veebipood] [           main] org.hibernate.orm.connections.pooling    : HHH10001005: Database info:
	Database JDBC URL [Connecting through datasource 'HikariDataSource (HikariPool-1)']
	Database driver: undefined/unknown
	Database version: 16.4
	Autocommit mode: undefined/unknown
	Isolation level: undefined/unknown
	Minimum pool size: undefined/unknown
	Maximum pool size: undefined/unknown
2025-01-22T14:27:48.029+02:00  INFO 5676 --- [veebipood] [           main] o.h.e.t.j.p.i.JtaPlatformInitiator       : HHH000489: No JTA platform available (set 'hibernate.transaction.jta.platform' to enable JTA platform integration)
2025-01-22T14:27:48.171+02:00  INFO 5676 --- [veebipood] [           main] j.LocalContainerEntityManagerFactoryBean : Initialized JPA EntityManagerFactory for persistence unit 'default'
2025-01-22T14:27:48.801+02:00  WARN 5676 --- [veebipood] [           main] JpaBaseConfiguration$JpaWebConfiguration : spring.jpa.open-in-view is enabled by default. Therefore, database queries may be performed during view rendering. Explicitly configure spring.jpa.open-in-view to disable this warning
2025-01-22T14:27:49.557+02:00  INFO 5676 --- [veebipood] [           main] c.r.veebipood.VeebipoodApplicationTests  : Started VeebipoodApplicationTests in 5.137 seconds (process running for 6.279)
]]></system-out>
  </testcase>
</testsuite>